23 23.5   period interval (hrs) 
0.1  the weight factor for conv. reg.
6 6  degree and order of the Laplace series
8  nr. of triangulation rows per octant
0.5 0.1 -0.5  initial guesses for phase funct. params. (0,0,0)
0.1  initial Lambert coeff. (L-S=1) (0)
50  stop condition
10  minimum number of iterations

The used epoch of zero time  2457387.000000

period   rms      chi2      iter. dark area %
23.000870 0.017266 0.485359  50    0.6
23.003010 0.017659 0.507667  50    0.3
23.007708 0.017768 0.513942  50    0.3
23.010197 0.017449 0.495666  50    3.7
23.013276 0.016949 0.467657  50    1.0
23.015870 0.017033 0.472324  50    1.4
23.020036 0.016713 0.454723  50    0.3
23.024158 0.017378 0.491657  50    0.0
23.026390 0.016038 0.418770  50    0.0
23.030886 0.017318 0.488276  50    0.0
23.034349 0.015501 0.391180  50    0.4
23.037111 0.016222 0.428401  50    0.3
23.039890 0.016104 0.422196  50    0.0
23.044581 0.016417 0.438800  50    1.5
23.046821 0.017243 0.484019  50    2.4
23.050185 0.016234 0.429030  50    0.1
23.054286 0.017085 0.475222  50    0.4
23.056148 0.017425 0.494332  50    0.1
23.060069 0.017370 0.491201  50    2.1
23.063647 0.017134 0.477948  50    0.0
23.066598 0.017208 0.482095  50    2.8
23.070747 0.017761 0.513548  50    0.0
23.074775 0.017159 0.479308  50    0.8
23.077414 0.017223 0.482900  50    0.4
23.080755 0.016644 0.450991  50    0.0
23.083424 0.017200 0.481622  50    0.0
23.087814 0.017166 0.479729  50    1.6
23.090889 0.016867 0.463139  50    0.5
23.093416 0.017835 0.517836  50    1.7
23.097275 0.017087 0.475302  50    0.8
23.101380 0.016366 0.436063  50    1.5
23.103977 0.017518 0.499588  50    0.5
23.107862 0.016670 0.452397  50    0.1
23.111713 0.017036 0.472479  50    0.1
23.114106 0.016803 0.459654  50    0.6
23.117679 0.016755 0.457037  50    2.3
23.120204 0.017183 0.480658  50    0.3
23.124786 0.016695 0.453782  50    0.4
23.127933 0.016650 0.451320  50    0.0
23.130848 0.016981 0.469428  50    0.8
23.134714 0.016292 0.432137  50    0.7
23.138196 0.016142 0.424222  50    0.7
23.140732 0.016541 0.445449  50    1.9
23.144961 0.016517 0.444136  50    0.4
23.149099 0.015605 0.396427  50    0.0
23.151114 0.015626 0.397511  50    0.7
23.154794 0.016116 0.422857  50    0.5
23.158740 0.015787 0.405760  50    0.3
23.161497 0.016057 0.419741  50    0.1
23.165620 0.016054 0.419579  50    2.0
23.168936 0.015488 0.390529  50    0.2
23.171249 0.016413 0.438567  50    0.3
23.174667 0.015551 0.393696  50    1.5
23.178821 0.015462 0.389235  50    0.1
23.182827 0.015810 0.406934  50    0.0
23.184712 0.015289 0.380542  50    1.3
23.189433 0.015360 0.384076  50    0.4
23.193052 0.016515 0.444003  50    1.9
23.195751 0.015523 0.392305  50    1.4
23.199927 0.015729 0.402754  50    0.8
23.203122 0.016264 0.430616  50    0.7
23.205965 0.016289 0.431968  50    1.6
23.210098 0.015873 0.410162  50    0.5
23.213955 0.016188 0.426597  50    0.3
23.216817 0.016622 0.449807  50    1.4
23.220406 0.016367 0.436088  50    2.3
23.224620 0.015558 0.394067  50    0.0
23.226795 0.016166 0.425465  50    0.0
23.230743 0.017183 0.480671  50    1.3
23.234554 0.016508 0.443646  50    0.3
23.236634 0.017281 0.486167  50    1.6
23.241031 0.017537 0.500707  50    1.4
23.243565 0.017838 0.518049  50    1.2
23.247528 0.018500 0.557178  50    0.8
23.250816 0.017137 0.478093  50    0.0
23.253354 0.018093 0.532961  50    0.2
23.257601 0.018165 0.537199  50    0.2
23.260825 0.017994 0.527120  50    0.0
23.264534 0.018495 0.556868  50    0.1
23.267860 0.018789 0.574706  50    0.4
23.270791 0.018382 0.550106  50    2.0
23.275357 0.018290 0.544629  50    0.3
23.278688 0.018040 0.529803  50    0.2
23.281492 0.019051 0.590843  50    0.1
23.284139 0.018768 0.573421  50    0.4
23.288310 0.018927 0.583210  50    1.3
23.291655 0.018098 0.533203  50    2.4
23.295197 0.018249 0.542158  50    0.6
23.299050 0.018393 0.550775  50    0.0
23.301673 0.017746 0.512691  50    0.6
23.305754 0.018210 0.539873  50    0.0
23.309091 0.018586 0.562378  50    0.0
23.313001 0.017999 0.527429  50    1.0
23.316212 0.018289 0.544556  50    1.4
23.319477 0.018230 0.541044  50    1.3
23.322937 0.017998 0.527373  50    1.1
23.326812 0.017777 0.514504  50    0.0
23.329836 0.018274 0.543674  50    0.0
23.333261 0.018498 0.557079  50    1.1
23.336999 0.018215 0.540128  50    0.1
23.340734 0.019339 0.608861  50    1.8
23.343924 0.019165 0.597966  50    2.0
23.347331 0.019378 0.611317  50    0.0
23.351477 0.019573 0.623715  50    0.1
23.353907 0.019460 0.616480  50    0.1
23.357036 0.019978 0.649780  50    0.7
23.360819 0.019242 0.602770  50    0.2
23.364412 0.019621 0.626778  50    0.0
23.367223 0.020136 0.660095  50    0.3
23.371824 0.019831 0.640267  50    0.9
23.375215 0.020273 0.669130  50    0.6
23.378387 0.019255 0.603618  50    0.2
23.381632 0.019529 0.620919  50    1.5
23.385274 0.019605 0.625744  50    0.9
23.388220 0.019019 0.588907  50    0.1
23.392561 0.018993 0.587281  50    0.8
23.395801 0.018330 0.546998  50    1.4
23.398511 0.017822 0.517083  50    0.5
23.402690 0.018166 0.537228  50    0.0
23.406322 0.018516 0.558176  50    0.2
23.409141 0.017984 0.526522  50    1.3
23.412913 0.017389 0.492281  50    0.7
23.416260 0.017417 0.493833  50    0.0
23.419773 0.017771 0.514133  50    0.1
23.423604 0.017718 0.511101  50    0.0
23.426149 0.018669 0.567413  50    0.8
23.431025 0.017724 0.511397  50    2.1
23.434285 0.018100 0.533321  50    1.0
23.437151 0.017588 0.503593  50    0.0
23.441132 0.017117 0.476965  50    0.1
23.443917 0.017850 0.518717  50    1.0
23.447847 0.016909 0.465474  50    0.1
23.451508 0.017819 0.516919  50    0.1
23.454308 0.017903 0.521831  50    0.1
23.457852 0.017513 0.499330  50    0.7
23.462454 0.017152 0.478935  50    0.4
23.464401 0.016715 0.454858  50    0.4
23.468583 0.017285 0.486379  50    0.1
23.473140 0.018789 0.574747  50    0.6
23.475073 0.016954 0.467974  50    0.0
23.479917 0.017733 0.511962  50    0.1
23.481720 0.017901 0.521708  50    1.9
23.486123 0.018042 0.529937  50    1.5
23.489509 0.018316 0.546148  50    0.2
23.492715 0.017171 0.479990  50    0.0
23.496044 0.018732 0.571259  50    2.2
