#23.5 25.5   period interval (hrs) 
#0.1  the weight factor for conv. reg.
#6 6  degree and order of the Laplace series
#8  nr. of triangulation rows per octant
#0.5 0.1 -0.5  initial guesses for phase funct. params. (0,0,0)
#0.1  initial Lambert coeff. (L-S=1) (0)
#50  stop condition
#10  minimum number of iterations
#
#The used epoch of zero time  2457387.000000
#
#period   rms      chi2      iter. dark area %
23.500619 0.018439 0.553506  50    0.0
23.502742 0.018364 0.548998  50    0.0
23.507461 0.018757 0.572796  50    0.2
23.510831 0.018968 0.585720  50    0.1
23.513906 0.018479 0.555935  50    1.7
23.518270 0.018547 0.559989  50    0.3
23.520958 0.018159 0.536859  50    0.5
23.524632 0.018946 0.584394  50    0.3
23.528837 0.018886 0.580668  50    0.1
23.531204 0.018492 0.556687  50    1.4
23.535231 0.018797 0.575192  50    0.5
23.538452 0.019323 0.607831  50    0.4
23.541624 0.018556 0.560532  50    1.3
23.545544 0.018555 0.560486  50    0.5
23.548022 0.018991 0.587136  50    0.3
23.552283 0.018404 0.551437  50    1.1
23.557086 0.018755 0.572640  50    0.0
23.559758 0.018891 0.580971  50    0.1
23.563119 0.018451 0.554222  50    1.4
23.566244 0.018048 0.530294  50    0.0
23.570782 0.018019 0.528612  50    0.0
23.573162 0.018677 0.567911  50    1.2
23.577501 0.017996 0.527216  50    0.0
23.580545 0.018809 0.575958  50    2.1
23.583905 0.018155 0.536619  50    1.2
23.588004 0.018952 0.584762  50    1.8
23.591104 0.017897 0.521450  50    0.0
23.593630 0.018605 0.563533  50    0.7
23.597303 0.017890 0.521071  50    0.3
23.602143 0.017706 0.510359  50    0.2
23.604900 0.018984 0.586746  50    0.4
23.608627 0.018345 0.547895  50    0.7
23.612938 0.018049 0.530371  50    0.9
23.616841 0.018120 0.534518  50    0.1
23.619398 0.018298 0.545107  50    0.9
23.623089 0.018101 0.533426  50    0.9
23.626692 0.018627 0.564863  50    0.1
23.629995 0.018672 0.567622  50    2.1
23.633882 0.018785 0.574506  50    0.3
23.637010 0.018603 0.563433  50    1.9
23.641078 0.018932 0.583528  50    1.1
23.643681 0.019183 0.599065  50    0.3
23.647859 0.018395 0.550891  50    1.5
23.652144 0.019520 0.620299  50    1.3
23.654563 0.019226 0.601788  50    0.0
23.658866 0.019687 0.630965  50    0.9
23.661637 0.019268 0.604427  50    0.8
23.665914 0.019718 0.632948  50    0.0
23.669327 0.018486 0.556331  50    0.0
23.672557 0.019246 0.603006  50    0.0
23.675633 0.019020 0.588921  50    0.0
23.680408 0.019459 0.616457  50    0.3
23.683456 0.019960 0.648601  50    1.1
23.686685 0.019172 0.598371  50    1.7
23.691364 0.017772 0.514172  50    0.6
23.694145 0.018899 0.581491  50    1.2
23.697658 0.019025 0.589270  50    0.8
23.701565 0.018654 0.566521  50    0.0
23.704189 0.018642 0.565789  50    0.8
23.708959 0.018826 0.577018  50    0.0
23.711084 0.019277 0.604991  50    0.6
23.715780 0.018369 0.549324  50    0.0
23.720051 0.019073 0.592243  50    0.1
23.721733 0.018231 0.541069  50    0.1
23.725951 0.017841 0.518170  50    0.0
23.729205 0.018241 0.541695  50    0.8
23.732904 0.018255 0.542534  50    1.2
23.736245 0.018026 0.528995  50    1.1
23.740603 0.017846 0.518471  50    1.7
23.744435 0.017503 0.498757  50    1.4
23.747094 0.016736 0.455995  50    0.4
23.751649 0.017749 0.512842  50    0.3
23.754494 0.017288 0.486559  50    0.1
23.758231 0.017781 0.514692  50    0.0
23.761145 0.016769 0.457786  50    0.8
23.766304 0.017061 0.473863  50    0.0
23.768909 0.016956 0.468085  50    0.0
23.773018 0.017486 0.497766  50    0.1
23.774685 0.017274 0.485786  50    1.2
23.779716 0.016766 0.457607  50    0.0
23.782983 0.017324 0.488576  50    0.6
23.786085 0.017344 0.489731  50    2.0
23.790318 0.017364 0.490829  50    0.7
23.795374 0.016739 0.456173  50    1.6
23.797497 0.016657 0.451717  50    2.4
23.801922 0.017112 0.476697  50    0.6
23.804568 0.016932 0.466745  50    0.0
23.808288 0.016966 0.468593  50    0.2
23.811844 0.017179 0.480442  50    0.4
23.814632 0.017141 0.478350  50    0.6
23.819750 0.016555 0.446205  50    1.1
23.822814 0.017215 0.482459  50    1.3
23.826415 0.016689 0.453441  50    0.1
23.830090 0.016527 0.444686  50    0.3
23.833730 0.016835 0.461381  50    0.6
23.837380 0.017044 0.472914  50    0.4
23.840856 0.016652 0.451451  50    2.0
23.844589 0.017031 0.472232  50    0.0
23.848298 0.016252 0.429998  50    1.1
23.851403 0.015977 0.415569  50    0.1
23.855063 0.016124 0.423267  50    0.3
23.859348 0.016523 0.444438  50    0.0
23.862012 0.017030 0.472144  50    0.6
23.866224 0.016246 0.429666  50    0.6
23.871081 0.016274 0.431189  50    1.0
23.873361 0.016716 0.454887  50    0.2
23.877216 0.016484 0.442380  50    2.9
23.880747 0.016517 0.444150  50    0.0
23.883849 0.016190 0.426724  50    0.1
23.888100 0.016571 0.447043  50    1.8
23.892249 0.016918 0.465942  50    2.1
23.894482 0.016483 0.442323  50    1.8
23.899285 0.016651 0.451373  50    0.3
23.902956 0.016900 0.464999  50    1.1
23.905792 0.016058 0.419813  50    2.4
23.908550 0.016834 0.461332  50    0.1
23.913650 0.017625 0.505696  50    1.5
23.916334 0.017528 0.500152  50    1.2
23.919827 0.017989 0.526815  50    2.3
23.925173 0.017610 0.504850  50    0.8
23.927995 0.016976 0.469171  50    0.0
23.930638 0.017379 0.491713  50    0.2
23.935469 0.018242 0.541780  50    0.0
23.938586 0.017652 0.507275  50    0.0
23.941510 0.018423 0.552526  50    0.2
23.945146 0.018717 0.570345  50    1.6
23.950027 0.018812 0.576163  50    1.2
23.952779 0.018183 0.538252  50    0.0
23.957427 0.018885 0.580603  50    1.5
23.961111 0.018321 0.546464  50    2.7
23.962964 0.018706 0.569671  50    1.4
23.967986 0.017666 0.508094  50    2.1
23.970542 0.018240 0.541611  50    0.0
23.973810 0.017781 0.514737  50    0.9
23.978793 0.016840 0.461690  50    0.0
23.981785 0.017051 0.473301  50    2.9
23.985433 0.017161 0.479472  50    0.0
23.989583 0.017307 0.487654  50    0.0
23.992766 0.016394 0.437551  50    0.0
23.995801 0.017220 0.482749  50    0.5
24.000547 0.017210 0.482169  50    3.1
24.004234 0.017455 0.496042  50    0.9
24.007511 0.017450 0.495745  50    0.1
24.011674 0.018092 0.532897  50    1.7
24.015962 0.017371 0.491232  50    0.3
24.019928 0.017489 0.497976  50    0.2
24.022498 0.018256 0.542563  50    0.8
24.026965 0.017423 0.494218  50    1.8
24.028585 0.017900 0.521616  50    1.8
24.033470 0.017424 0.494278  50    0.1
24.038156 0.017309 0.487757  50    2.0
24.039914 0.018043 0.529992  50    0.2
24.045093 0.017584 0.503362  50    0.0
24.047256 0.017913 0.522377  50    0.5
24.051270 0.017445 0.495418  50    0.5
24.055089 0.017418 0.493920  50    3.0
24.058315 0.017295 0.486953  50    0.0
24.062455 0.016826 0.460917  50    0.0
24.066632 0.016952 0.467852  50    0.9
24.069115 0.017477 0.497245  50    0.2
24.074005 0.017371 0.491274  50    0.0
24.077541 0.017809 0.516333  50    0.6
24.080466 0.018320 0.546419  50    0.1
24.085165 0.017294 0.486905  50    1.5
24.088703 0.017804 0.516057  50    0.9
24.092133 0.017481 0.497471  50    0.1
24.096181 0.016934 0.466867  50    0.3
24.098200 0.017376 0.491518  50    0.5
24.103015 0.017730 0.511790  50    2.1
24.107090 0.016787 0.458771  50    0.7
24.109172 0.017582 0.503256  50    2.6
24.114711 0.017016 0.471368  50    0.6
24.118548 0.017859 0.519256  50    0.6
24.120881 0.016460 0.441067  50    0.1
24.125127 0.016624 0.449895  50    0.0
24.129019 0.016931 0.466657  50    0.4
24.131612 0.016725 0.455388  50    1.9
24.136279 0.016416 0.438703  50    1.1
24.140145 0.016207 0.427619  50    0.0
24.142865 0.015994 0.416435  50    2.0
24.147647 0.015590 0.395698  50    0.9
24.151288 0.015316 0.381894  50    0.0
24.153759 0.015509 0.391588  50    0.0
24.157488 0.016532 0.444945  50    1.0
24.162449 0.016728 0.455580  50    1.6
24.164383 0.016184 0.426397  50    1.2
24.168587 0.015846 0.408771  50    0.2
24.172591 0.015543 0.393303  50    0.0
24.175878 0.015620 0.397186  50    0.1
24.180287 0.014856 0.359299  50    0.1
24.184202 0.015850 0.409011  50    0.3
24.188161 0.015817 0.407274  50    0.1
24.191006 0.016003 0.416909  50    2.8
24.195447 0.015571 0.394721  50    0.5
24.198570 0.016734 0.455901  50    2.4
24.202307 0.015651 0.398770  50    0.5
24.206510 0.015393 0.385750  50    0.1
24.209526 0.015423 0.387227  50    0.0
24.214006 0.017112 0.476723  50    1.0
24.218838 0.017707 0.510456  50    1.5
24.220926 0.017347 0.489921  50    0.5
24.225484 0.017243 0.484061  50    1.7
24.227633 0.016742 0.456316  50    0.2
24.232043 0.016865 0.463066  50    0.0
24.236930 0.017695 0.509721  50    0.8
24.240074 0.018099 0.533286  50    2.2
24.244115 0.017896 0.521381  50    1.8
24.247769 0.018231 0.541097  50    0.4
24.251314 0.018304 0.545416  50    0.2
24.254764 0.018240 0.541642  50    1.0
24.259371 0.017023 0.471741  50    0.2
24.261686 0.016665 0.452143  50    1.4
24.266365 0.017014 0.471254  50    0.3
24.269191 0.017742 0.512432  50    1.1
24.273530 0.016543 0.445536  50    1.2
24.278780 0.016298 0.432420  50    0.6
24.281486 0.015391 0.385665  50    0.4
24.285355 0.015504 0.391351  50    0.0
24.287582 0.014876 0.360260  50    0.3
24.292333 0.016416 0.438701  50    0.6
24.296443 0.016418 0.438834  50    2.3
24.298986 0.015200 0.376153  50    1.6
24.302824 0.016796 0.459268  50    2.3
24.306758 0.016291 0.432080  50    2.5
24.310652 0.016063 0.420047  50    1.3
24.314065 0.015572 0.394772  50    0.0
24.317494 0.016051 0.419427  50    0.1
24.321784 0.016178 0.426115  50    1.4
24.326307 0.016958 0.468160  50    1.7
24.328910 0.016948 0.467608  50    1.8
24.334017 0.014908 0.361830  50    0.1
24.337421 0.014918 0.362290  50    0.0
24.341486 0.015416 0.386874  50    0.1
24.344963 0.015460 0.389107  50    0.1
24.347174 0.015269 0.379572  50    0.4
24.353770 0.015839 0.408436  50    3.7
24.355462 0.015357 0.383930  50    2.9
24.359374 0.015854 0.409206  50    1.4
24.363486 0.015641 0.398284  50    0.3
24.367616 0.015499 0.391090  50    1.5
24.371007 0.015087 0.370563  50    0.5
24.375113 0.014814 0.357267  50    0.2
24.379334 0.015545 0.393390  50    1.5
24.382781 0.015321 0.382136  50    1.4
24.386130 0.016027 0.418175  50    0.0
24.389296 0.015370 0.384595  50    0.1
24.394712 0.015518 0.392032  50    0.0
24.397547 0.014925 0.362627  50    0.0
24.402244 0.016188 0.426631  50    0.1
24.406085 0.016430 0.439495  50    1.4
24.409481 0.015723 0.402482  50    2.1
24.411855 0.016532 0.444924  50    4.5
24.415979 0.016724 0.455348  50    0.0
24.421193 0.016699 0.453983  50    0.7
24.423582 0.016222 0.428389  50    1.3
24.426319 0.016602 0.448714  50    1.3
24.430709 0.015351 0.383640  50    1.1
24.435371 0.016736 0.455970  50    0.1
24.437906 0.016573 0.447151  50    0.2
24.442893 0.014985 0.365557  50    0.0
24.447007 0.015205 0.376361  50    0.0
24.450023 0.014754 0.354385  50    0.0
24.453909 0.015595 0.395952  50    0.0
24.458226 0.016099 0.421924  50    1.7
24.461576 0.017396 0.492647  50    1.6
24.465571 0.016644 0.451015  50    1.2
24.469777 0.016830 0.461144  50    1.3
24.472983 0.016053 0.419553  50    0.3
24.476982 0.017677 0.508688  50    0.7
24.480549 0.017079 0.474849  50    0.0
24.485140 0.016129 0.423490  50    0.0
24.488036 0.017803 0.515973  50    0.0
24.491937 0.017464 0.496501  50    1.6
24.494835 0.017063 0.473999  50    0.5
24.500210 0.017073 0.474527  50    0.1
24.503302 0.017119 0.477100  50    0.3
24.506935 0.016155 0.424865  50    0.0
24.511937 0.017204 0.481839  50    0.8
24.514938 0.016980 0.469370  50    1.1
24.518787 0.018058 0.530881  50    2.0
24.521462 0.018107 0.533745  50    0.7
24.527489 0.018097 0.533169  50    1.5
24.529539 0.017861 0.519360  50    0.0
24.533520 0.018775 0.573875  50    0.4
24.537640 0.018038 0.529710  50    0.5
24.541556 0.018342 0.547684  50    0.0
24.544677 0.018105 0.533628  50    2.5
24.549116 0.017896 0.521371  50    0.1
24.552959 0.019143 0.596607  50    0.2
24.556611 0.017202 0.481757  50    0.4
24.561585 0.017229 0.483264  50    0.4
24.564060 0.017352 0.490176  50    0.9
24.567704 0.017479 0.497363  50    0.6
24.571052 0.017609 0.504833  50    0.5
24.575617 0.017316 0.488124  50    0.6
24.579095 0.016799 0.459452  50    2.7
24.582932 0.017811 0.516442  50    1.6
24.587485 0.018297 0.545010  50    0.6
24.591220 0.016602 0.448717  50    0.3
24.594944 0.017201 0.481703  50    0.1
24.599308 0.017082 0.475063  50    0.0
24.603553 0.017161 0.479423  50    1.3
24.605793 0.017723 0.511364  50    0.0
24.610757 0.017306 0.487556  50    0.3
24.615175 0.017576 0.502925  50    0.1
24.618497 0.016324 0.433837  50    0.0
24.621552 0.017195 0.481370  50    0.3
24.624723 0.017070 0.474369  50    0.5
24.629881 0.017643 0.506784  50    0.0
24.633473 0.017067 0.474188  50    0.7
24.637280 0.017762 0.513634  50    3.8
24.639876 0.016705 0.454302  50    1.7
24.645465 0.017218 0.482617  50    0.1
24.649219 0.016972 0.468937  50    0.0
24.653110 0.015951 0.414207  50    0.1
24.656081 0.015402 0.386176  50    0.0
24.661326 0.015997 0.416622  50    1.6
24.663688 0.016856 0.462565  50    0.3
24.667852 0.015404 0.386317  50    0.0
24.672574 0.015863 0.409656  50    0.1
24.674810 0.015918 0.412524  50    0.9
24.679742 0.015484 0.390323  50    0.8
24.684198 0.015669 0.399684  50    0.8
24.686130 0.015721 0.402371  50    0.9
24.691185 0.015681 0.400309  50    0.0
24.695761 0.015838 0.408395  50    1.7
24.697925 0.015825 0.407711  50    0.7
24.703107 0.015751 0.403876  50    0.1
24.705962 0.015594 0.395900  50    0.2
24.711102 0.016236 0.429168  50    0.1
24.714344 0.015411 0.386629  50    0.1
24.718389 0.015723 0.402454  50    2.0
24.721911 0.016101 0.422031  50    0.4
24.726486 0.015611 0.396744  50    0.0
24.729978 0.014669 0.350336  50    0.3
24.733298 0.015285 0.380357  50    0.7
24.738072 0.016491 0.442755  50    0.6
24.741286 0.015646 0.398538  50    0.6
24.745891 0.016054 0.419589  50    1.4
24.749856 0.016895 0.464709  50    0.0
24.753261 0.015473 0.389752  50    0.8
24.756949 0.016226 0.428610  50    1.2
24.760262 0.017243 0.484016  50    0.5
24.764512 0.015736 0.403125  50    1.6
24.768641 0.017162 0.479518  50    0.0
24.773025 0.016521 0.444375  50    0.0
24.776768 0.016775 0.458099  50    2.4
24.780911 0.016580 0.447514  50    0.3
24.783826 0.015669 0.399680  50    0.0
24.787280 0.015741 0.403409  50    0.6
24.792354 0.014621 0.348019  50    0.0
24.795606 0.016277 0.431339  50    0.0
24.799162 0.016115 0.422789  50    0.8
24.804984 0.017326 0.488728  50    0.6
24.807955 0.017960 0.525156  50    0.0
24.811624 0.016812 0.460128  50    0.8
24.815515 0.016813 0.460221  50    0.2
24.819605 0.016716 0.454895  50    0.1
24.822731 0.016228 0.428750  50    2.0
24.827647 0.015510 0.391639  50    0.0
24.831334 0.016563 0.446616  50    1.5
24.834922 0.016409 0.438360  50    0.8
24.838753 0.015809 0.406860  50    1.1
24.843188 0.015550 0.393636  50    0.7
24.846754 0.015547 0.393480  50    1.0
24.849777 0.014985 0.365578  50    0.7
24.855202 0.015349 0.383534  50    1.3
24.858440 0.015808 0.406835  50    0.3
24.862705 0.015269 0.379540  50    1.1
24.867145 0.016018 0.417697  50    0.0
24.870387 0.015299 0.381057  50    0.0
24.874527 0.016547 0.445725  50    0.4
24.878842 0.016262 0.430537  50    0.0
24.882594 0.016123 0.423203  50    0.0
24.885294 0.014629 0.348401  50    0.0
24.890073 0.015523 0.392301  50    0.0
24.892753 0.016334 0.434352  50    0.1
24.897466 0.013782 0.309219  50    0.0
24.901134 0.015016 0.367096  50    0.0
24.906535 0.014417 0.338367  50    1.7
24.909677 0.013984 0.318339  50    0.7
24.913086 0.013793 0.309718  50    0.3
24.916274 0.013725 0.306678  50    2.2
24.921830 0.013417 0.293056  50    3.1
24.924687 0.013400 0.292312  50    1.1
24.928530 0.011952 0.232567  50    0.0
24.933470 0.014588 0.346443  50    0.0
24.937612 0.014370 0.336190  50    0.0
24.941158 0.013321 0.288877  50    0.0
24.946728 0.014087 0.323058  50    2.2
24.950025 0.015350 0.383608  50    1.2
24.952486 0.015239 0.378056  50    0.0
24.956320 0.014901 0.361497  50    0.0
24.960637 0.015436 0.387907  50    0.0
24.965190 0.014854 0.359214  50    1.0
24.968306 0.014881 0.360522  50    1.5
24.972225 0.014550 0.344663  50    0.7
24.976457 0.016010 0.417311  50    1.3
24.979800 0.016417 0.438753  50    2.5
24.985002 0.015519 0.392101  50    0.5
24.988154 0.015805 0.406669  50    0.0
24.991997 0.016653 0.451461  50    0.3
24.995684 0.016447 0.440364  50    0.5
25.000667 0.016949 0.467684  50    0.4
25.004484 0.016255 0.430168  50    2.6
25.007661 0.016766 0.457648  50    0.1
25.013425 0.016950 0.467701  50    0.5
25.016649 0.016074 0.420614  50    0.0
25.019414 0.016681 0.452974  50    0.5
25.024602 0.016671 0.452451  50    0.3
25.028400 0.015794 0.406122  50    0.7
25.031097 0.015859 0.409435  50    2.2
25.035679 0.017431 0.494657  50    1.3
25.040945 0.016767 0.457678  50    0.1
25.043108 0.015297 0.380940  50    0.1
25.047946 0.016363 0.435884  50    0.0
25.053150 0.016428 0.439346  50    0.9
25.055746 0.016648 0.451205  50    0.0
25.060475 0.016602 0.448712  50    0.8
25.063921 0.016907 0.465342  50    1.5
25.067831 0.016167 0.425509  50    2.9
25.072468 0.015931 0.413182  50    0.0
25.076410 0.017081 0.474963  50    0.0
25.079856 0.016458 0.440947  50    1.7
25.084137 0.017051 0.473344  50    1.3
25.086645 0.016252 0.430018  50    0.1
25.091512 0.017039 0.472653  50    0.8
25.095696 0.017695 0.509761  50    0.4
25.100843 0.017973 0.525896  50    0.3
25.104139 0.016593 0.448242  50    0.2
25.108611 0.017575 0.502835  50    1.0
25.111908 0.018405 0.551452  50    2.0
25.116653 0.017661 0.507791  50    0.9
25.118224 0.018327 0.546823  50    0.7
25.123569 0.018133 0.535295  50    1.9
25.128160 0.018126 0.534888  50    3.8
25.131129 0.018057 0.530838  50    0.0
25.134913 0.017481 0.497465  50    0.0
25.140076 0.017144 0.478511  50    0.9
25.143548 0.016562 0.446585  50    0.0
25.147059 0.016559 0.446378  50    0.1
25.152440 0.016532 0.444954  50    1.1
25.155161 0.016736 0.455972  50    0.3
25.160417 0.016313 0.433221  50    0.3
25.164443 0.017026 0.471932  50    1.8
25.167883 0.016553 0.446049  50    0.1
25.171294 0.016154 0.424852  50    0.2
25.175621 0.017068 0.474290  50    0.2
25.177750 0.017216 0.482511  50    1.6
25.184138 0.016438 0.439909  50    0.7
25.187898 0.017852 0.518844  50    0.1
25.192213 0.016879 0.463837  50    1.4
25.194988 0.017330 0.488928  50    1.4
25.199750 0.017035 0.472406  50    0.0
25.203618 0.017349 0.489982  50    0.0
25.207678 0.018058 0.530852  50    0.0
25.211773 0.017918 0.522665  50    2.0
25.217118 0.017581 0.503206  50    0.5
25.219352 0.018048 0.530265  50    0.1
25.224328 0.017757 0.513323  50    0.8
25.229303 0.018445 0.553893  50    0.0
25.231902 0.017674 0.508517  50    0.6
25.236482 0.017200 0.481601  50    1.3
25.239695 0.018862 0.579213  50    1.4
25.243703 0.018146 0.536054  50    0.1
25.248688 0.017848 0.518586  50    0.1
25.252518 0.018325 0.546698  50    2.4
25.256165 0.018503 0.557386  50    1.4
25.259988 0.018940 0.584023  50    0.2
25.264453 0.018673 0.567634  50    1.1
25.269133 0.017743 0.512489  50    0.0
25.272584 0.017770 0.514086  50    0.1
25.277523 0.018635 0.565354  50    0.5
25.281663 0.017994 0.527094  50    0.8
25.284133 0.019019 0.588900  50    1.1
25.288812 0.017969 0.525661  50    0.0
25.293700 0.017615 0.505151  50    0.8
25.296252 0.017631 0.506087  50    2.2
25.301228 0.018111 0.533973  50    0.6
25.304331 0.018275 0.543712  50    0.5
25.308497 0.017462 0.496386  50    0.5
25.313665 0.018282 0.544105  50    1.4
25.317585 0.018995 0.587418  50    0.4
25.321117 0.018040 0.529836  50    0.0
25.325807 0.018385 0.550292  50    0.8
25.330228 0.019262 0.604028  50    0.0
25.334254 0.018478 0.555884  50    0.5
25.338671 0.018116 0.534293  50    0.2
25.340740 0.018510 0.557800  50    0.6
25.345291 0.018328 0.546859  50    0.5
25.350089 0.018175 0.537793  50    0.0
25.354354 0.018267 0.543213  50    0.1
25.358085 0.017977 0.526104  50    1.1
25.362816 0.017724 0.511411  50    0.5
25.366030 0.018884 0.580544  50    1.6
25.369880 0.018415 0.552058  50    1.2
25.373538 0.017333 0.489104  50    0.0
25.378961 0.017384 0.492006  50    0.1
25.381660 0.017729 0.511712  50    0.0
25.385905 0.017610 0.504840  50    1.1
25.390307 0.017495 0.498271  50    0.2
25.394593 0.016127 0.423415  50    0.6
25.398849 0.016731 0.455715  50    1.0
25.403101 0.016625 0.449989  50    0.1
25.406649 0.016571 0.447060  50    0.2
25.410810 0.016513 0.443926  50    0.2
25.415192 0.017421 0.494079  50    0.7
25.419406 0.017289 0.486603  50    2.1
25.423429 0.017417 0.493874  50    1.5
25.426552 0.017685 0.509190  50    0.1
25.431761 0.017387 0.492148  50    0.2
25.435899 0.018344 0.547836  50    1.9
25.439519 0.017949 0.524489  50    0.8
25.443943 0.018360 0.548765  50    1.3
25.447855 0.018557 0.560596  50    1.3
25.451329 0.018719 0.570423  50    0.7
25.455907 0.018684 0.568334  50    0.7
25.460398 0.017444 0.495387  50    0.0
25.464242 0.018595 0.562950  50    0.5
25.469258 0.018083 0.532374  50    1.1
25.473272 0.017602 0.504415  50    1.4
25.476227 0.017664 0.507952  50    1.1
25.479338 0.017558 0.501863  50    0.3
25.485292 0.017455 0.496027  50    0.3
25.489448 0.017193 0.481233  50    1.0
25.491937 0.017112 0.476689  50    0.6
25.498065 0.017487 0.497808  50    1.3
